<?xml version="1.0" encoding="UTF-8"?>
<!-- Generated by org.testng.reporters.JUnitReportReporter -->
<testsuite skipped="0" hostname="BMHGPNQN2" name="com.pacs.automation.tests.Test1" tests="1" failures="0" timestamp="08 May 2019 19:46:25 GMT" time="7.061" errors="0">
  <testcase name="test" time="7.061" classname="com.pacs.automation.tests.Test1"/>
</testsuite> <!-- com.pacs.automation.tests.Test1 -->
